{"/home/taranpreet/Sfu/CMPT276/game/index.js": {"path":"/home/taranpreet/Sfu/CMPT276/game/index.js","statementMap":{"0":{"start":{"line":1,"column":16},"end":{"line":1,"column":34}},"1":{"start":{"line":2,"column":17},"end":{"line":2,"column":36}},"2":{"start":{"line":3,"column":16},"end":{"line":3,"column":42}},"3":{"start":{"line":4,"column":13},"end":{"line":4,"column":28}},"4":{"start":{"line":5,"column":14},"end":{"line":5,"column":30}},"5":{"start":{"line":6,"column":15},"end":{"line":6,"column":32}},"6":{"start":{"line":7,"column":22},"end":{"line":7,"column":82}},"7":{"start":{"line":8,"column":18},"end":{"line":8,"column":51}},"8":{"start":{"line":10,"column":13},"end":{"line":10,"column":37}},"9":{"start":{"line":11,"column":12},"end":{"line":11,"column":21}},"10":{"start":{"line":13,"column":0},"end":{"line":16,"column":1}},"11":{"start":{"line":14,"column":2},"end":{"line":14,"column":48}},"12":{"start":{"line":15,"column":2},"end":{"line":15,"column":18}},"13":{"start":{"line":18,"column":0},"end":{"line":18,"column":56}},"14":{"start":{"line":19,"column":0},"end":{"line":19,"column":24}},"15":{"start":{"line":20,"column":0},"end":{"line":20,"column":49}},"16":{"start":{"line":21,"column":0},"end":{"line":26,"column":4}},"17":{"start":{"line":32,"column":11},"end":{"line":32,"column":52}},"18":{"start":{"line":33,"column":0},"end":{"line":39,"column":5}},"19":{"start":{"line":35,"column":4},"end":{"line":35,"column":41}},"20":{"start":{"line":38,"column":4},"end":{"line":38,"column":53}},"21":{"start":{"line":41,"column":15},"end":{"line":41,"column":79}},"22":{"start":{"line":41,"column":38},"end":{"line":41,"column":78}},"23":{"start":{"line":44,"column":13},"end":{"line":47,"column":1}},"24":{"start":{"line":45,"column":4},"end":{"line":46,"column":83}},"25":{"start":{"line":45,"column":66},"end":{"line":45,"column":80}},"26":{"start":{"line":46,"column":9},"end":{"line":46,"column":83}},"27":{"start":{"line":49,"column":22},"end":{"line":53,"column":1}},"28":{"start":{"line":51,"column":4},"end":{"line":52,"column":23}},"29":{"start":{"line":51,"column":30},"end":{"line":51,"column":109}},"30":{"start":{"line":52,"column":9},"end":{"line":52,"column":23}},"31":{"start":{"line":57,"column":0},"end":{"line":57,"column":48}},"32":{"start":{"line":58,"column":0},"end":{"line":58,"column":30}},"33":{"start":{"line":59,"column":0},"end":{"line":62,"column":3}},"34":{"start":{"line":60,"column":4},"end":{"line":61,"column":32}},"35":{"start":{"line":60,"column":30},"end":{"line":60,"column":51}},"36":{"start":{"line":61,"column":9},"end":{"line":61,"column":32}},"37":{"start":{"line":63,"column":0},"end":{"line":63,"column":76}},"38":{"start":{"line":63,"column":48},"end":{"line":63,"column":74}},"39":{"start":{"line":64,"column":0},"end":{"line":64,"column":77}},"40":{"start":{"line":64,"column":47},"end":{"line":64,"column":75}},"41":{"start":{"line":65,"column":0},"end":{"line":69,"column":3}},"42":{"start":{"line":66,"column":4},"end":{"line":66,"column":33}},"43":{"start":{"line":67,"column":4},"end":{"line":67,"column":26}},"44":{"start":{"line":68,"column":4},"end":{"line":68,"column":28}},"45":{"start":{"line":70,"column":0},"end":{"line":70,"column":63}},"46":{"start":{"line":70,"column":37},"end":{"line":70,"column":61}},"47":{"start":{"line":72,"column":0},"end":{"line":72,"column":28}},"48":{"start":{"line":74,"column":0},"end":{"line":74,"column":24}}},"fnMap":{"0":{"name":"(anonymous_0)","decl":{"start":{"line":34,"column":8},"end":{"line":34,"column":9}},"loc":{"start":{"line":34,"column":14},"end":{"line":36,"column":3}},"line":34},"1":{"name":"(anonymous_1)","decl":{"start":{"line":37,"column":9},"end":{"line":37,"column":10}},"loc":{"start":{"line":37,"column":16},"end":{"line":39,"column":3}},"line":37},"2":{"name":"(anonymous_2)","decl":{"start":{"line":41,"column":32},"end":{"line":41,"column":33}},"loc":{"start":{"line":41,"column":38},"end":{"line":41,"column":78}},"line":41},"3":{"name":"(anonymous_3)","decl":{"start":{"line":44,"column":13},"end":{"line":44,"column":14}},"loc":{"start":{"line":44,"column":38},"end":{"line":47,"column":1}},"line":44},"4":{"name":"(anonymous_4)","decl":{"start":{"line":49,"column":22},"end":{"line":49,"column":23}},"loc":{"start":{"line":49,"column":47},"end":{"line":53,"column":1}},"line":49},"5":{"name":"(anonymous_5)","decl":{"start":{"line":59,"column":13},"end":{"line":59,"column":14}},"loc":{"start":{"line":59,"column":27},"end":{"line":62,"column":1}},"line":59},"6":{"name":"(anonymous_6)","decl":{"start":{"line":63,"column":34},"end":{"line":63,"column":35}},"loc":{"start":{"line":63,"column":48},"end":{"line":63,"column":74}},"line":63},"7":{"name":"(anonymous_7)","decl":{"start":{"line":64,"column":34},"end":{"line":64,"column":35}},"loc":{"start":{"line":64,"column":47},"end":{"line":64,"column":75}},"line":64},"8":{"name":"(anonymous_8)","decl":{"start":{"line":65,"column":19},"end":{"line":65,"column":20}},"loc":{"start":{"line":65,"column":39},"end":{"line":69,"column":1}},"line":65},"9":{"name":"(anonymous_9)","decl":{"start":{"line":70,"column":23},"end":{"line":70,"column":24}},"loc":{"start":{"line":70,"column":37},"end":{"line":70,"column":61}},"line":70}},"branchMap":{"0":{"loc":{"start":{"line":10,"column":13},"end":{"line":10,"column":37}},"type":"binary-expr","locations":[{"start":{"line":10,"column":13},"end":{"line":10,"column":29}},{"start":{"line":10,"column":33},"end":{"line":10,"column":37}}],"line":10},"1":{"loc":{"start":{"line":13,"column":0},"end":{"line":16,"column":1}},"type":"if","locations":[{"start":{"line":13,"column":0},"end":{"line":16,"column":1}},{"start":{"line":13,"column":0},"end":{"line":16,"column":1}}],"line":13},"2":{"loc":{"start":{"line":45,"column":4},"end":{"line":46,"column":83}},"type":"if","locations":[{"start":{"line":45,"column":4},"end":{"line":46,"column":83}},{"start":{"line":45,"column":4},"end":{"line":46,"column":83}}],"line":45},"3":{"loc":{"start":{"line":45,"column":8},"end":{"line":45,"column":64}},"type":"binary-expr","locations":[{"start":{"line":45,"column":8},"end":{"line":45,"column":19}},{"start":{"line":45,"column":23},"end":{"line":45,"column":43}},{"start":{"line":45,"column":47},"end":{"line":45,"column":64}}],"line":45},"4":{"loc":{"start":{"line":51,"column":4},"end":{"line":52,"column":23}},"type":"if","locations":[{"start":{"line":51,"column":4},"end":{"line":52,"column":23}},{"start":{"line":51,"column":4},"end":{"line":52,"column":23}}],"line":51},"5":{"loc":{"start":{"line":60,"column":4},"end":{"line":61,"column":32}},"type":"if","locations":[{"start":{"line":60,"column":4},"end":{"line":61,"column":32}},{"start":{"line":60,"column":4},"end":{"line":61,"column":32}}],"line":60}},"s":{"0":1,"1":1,"2":1,"3":1,"4":1,"5":1,"6":1,"7":1,"8":1,"9":1,"10":1,"11":0,"12":0,"13":1,"14":1,"15":1,"16":1,"17":1,"18":1,"19":1,"20":0,"21":1,"22":1,"23":1,"24":0,"25":0,"26":0,"27":1,"28":0,"29":0,"30":0,"31":1,"32":1,"33":1,"34":0,"35":0,"36":0,"37":1,"38":0,"39":1,"40":0,"41":1,"42":0,"43":0,"44":0,"45":1,"46":0,"47":1,"48":1},"f":{"0":1,"1":0,"2":1,"3":0,"4":0,"5":0,"6":0,"7":0,"8":0,"9":0},"b":{"0":[1,1],"1":[0,1],"2":[0,0],"3":[0,0,0],"4":[0,0],"5":[0,0]},"_coverageSchema":"43e27e138ebf9cfc5966b082cf9a028302ed4184","hash":"e5cb69d472514efc354ec3ae54587b46f67812d0"}
,"/home/taranpreet/Sfu/CMPT276/game/back-end/models/user.js": {"path":"/home/taranpreet/Sfu/CMPT276/game/back-end/models/user.js","statementMap":{"0":{"start":{"line":1,"column":17},"end":{"line":1,"column":36}},"1":{"start":{"line":2,"column":12},"end":{"line":2,"column":26}},"2":{"start":{"line":3,"column":12},"end":{"line":3,"column":35}},"3":{"start":{"line":4,"column":15},"end":{"line":4,"column":32}},"4":{"start":{"line":6,"column":19},"end":{"line":35,"column":2}},"5":{"start":{"line":37,"column":0},"end":{"line":40,"column":1}},"6":{"start":{"line":38,"column":16},"end":{"line":38,"column":118}},"7":{"start":{"line":39,"column":2},"end":{"line":39,"column":15}},"8":{"start":{"line":42,"column":13},"end":{"line":42,"column":47}},"9":{"start":{"line":45,"column":17},"end":{"line":49,"column":3}},"10":{"start":{"line":50,"column":2},"end":{"line":50,"column":36}},"11":{"start":{"line":54,"column":17},"end":{"line":57,"column":3}},"12":{"start":{"line":58,"column":2},"end":{"line":58,"column":36}},"13":{"start":{"line":62,"column":0},"end":{"line":62,"column":39}},"14":{"start":{"line":63,"column":0},"end":{"line":63,"column":27}},"15":{"start":{"line":64,"column":0},"end":{"line":64,"column":43}},"16":{"start":{"line":65,"column":0},"end":{"line":65,"column":53}}},"fnMap":{"0":{"name":"(anonymous_0)","decl":{"start":{"line":37,"column":39},"end":{"line":37,"column":40}},"loc":{"start":{"line":37,"column":50},"end":{"line":40,"column":1}},"line":37},"1":{"name":"validateUser","decl":{"start":{"line":44,"column":9},"end":{"line":44,"column":21}},"loc":{"start":{"line":44,"column":28},"end":{"line":51,"column":1}},"line":44},"2":{"name":"validateUserLogin","decl":{"start":{"line":53,"column":9},"end":{"line":53,"column":26}},"loc":{"start":{"line":53,"column":33},"end":{"line":59,"column":1}},"line":53}},"branchMap":{"0":{"loc":{"start":{"line":38,"column":49},"end":{"line":38,"column":86}},"type":"binary-expr","locations":[{"start":{"line":38,"column":49},"end":{"line":38,"column":66}},{"start":{"line":38,"column":70},"end":{"line":38,"column":86}}],"line":38}},"s":{"0":2,"1":2,"2":2,"3":2,"4":2,"5":2,"6":1,"7":1,"8":2,"9":15,"10":15,"11":8,"12":8,"13":2,"14":2,"15":2,"16":2},"f":{"0":1,"1":15,"2":8},"b":{"0":[1,1]},"_coverageSchema":"43e27e138ebf9cfc5966b082cf9a028302ed4184","hash":"4f142750eb1a4e17bce40df01d09a3b8625b956c"}
,"/home/taranpreet/Sfu/CMPT276/game/back-end/oauthStrategy/passport-google-strategy.js": {"path":"/home/taranpreet/Sfu/CMPT276/game/back-end/oauthStrategy/passport-google-strategy.js","statementMap":{"0":{"start":{"line":1,"column":17},"end":{"line":1,"column":36}},"1":{"start":{"line":2,"column":23},"end":{"line":2,"column":57}},"2":{"start":{"line":3,"column":15},"end":{"line":3,"column":32}},"3":{"start":{"line":4,"column":17},"end":{"line":4,"column":42}},"4":{"start":{"line":6,"column":0},"end":{"line":9,"column":1}},"5":{"start":{"line":7,"column":2},"end":{"line":7,"column":43}},"6":{"start":{"line":8,"column":2},"end":{"line":8,"column":18}},"7":{"start":{"line":11,"column":0},"end":{"line":14,"column":1}},"8":{"start":{"line":12,"column":2},"end":{"line":12,"column":47}},"9":{"start":{"line":13,"column":2},"end":{"line":13,"column":18}},"10":{"start":{"line":17,"column":0},"end":{"line":46,"column":4}},"11":{"start":{"line":23,"column":15},"end":{"line":23,"column":68}},"12":{"start":{"line":24,"column":22},"end":{"line":24,"column":83}},"13":{"start":{"line":26,"column":4},"end":{"line":44,"column":5}},"14":{"start":{"line":27,"column":6},"end":{"line":27,"column":30}},"15":{"start":{"line":30,"column":6},"end":{"line":37,"column":9}},"16":{"start":{"line":39,"column":21},"end":{"line":42,"column":10}},"17":{"start":{"line":41,"column":10},"end":{"line":41,"column":27}},"18":{"start":{"line":43,"column":6},"end":{"line":43,"column":25}}},"fnMap":{"0":{"name":"(anonymous_0)","decl":{"start":{"line":22,"column":3},"end":{"line":22,"column":4}},"loc":{"start":{"line":22,"column":55},"end":{"line":46,"column":1}},"line":22},"1":{"name":"(anonymous_1)","decl":{"start":{"line":40,"column":15},"end":{"line":40,"column":16}},"loc":{"start":{"line":40,"column":24},"end":{"line":42,"column":9}},"line":40}},"branchMap":{"0":{"loc":{"start":{"line":6,"column":0},"end":{"line":9,"column":1}},"type":"if","locations":[{"start":{"line":6,"column":0},"end":{"line":9,"column":1}},{"start":{"line":6,"column":0},"end":{"line":9,"column":1}}],"line":6},"1":{"loc":{"start":{"line":11,"column":0},"end":{"line":14,"column":1}},"type":"if","locations":[{"start":{"line":11,"column":0},"end":{"line":14,"column":1}},{"start":{"line":11,"column":0},"end":{"line":14,"column":1}}],"line":11},"2":{"loc":{"start":{"line":26,"column":4},"end":{"line":44,"column":5}},"type":"if","locations":[{"start":{"line":26,"column":4},"end":{"line":44,"column":5}},{"start":{"line":26,"column":4},"end":{"line":44,"column":5}}],"line":26},"3":{"loc":{"start":{"line":26,"column":8},"end":{"line":26,"column":25}},"type":"binary-expr","locations":[{"start":{"line":26,"column":8},"end":{"line":26,"column":12}},{"start":{"line":26,"column":16},"end":{"line":26,"column":25}}],"line":26}},"s":{"0":1,"1":1,"2":1,"3":1,"4":1,"5":0,"6":0,"7":1,"8":0,"9":0,"10":1,"11":0,"12":0,"13":0,"14":0,"15":0,"16":0,"17":0,"18":0},"f":{"0":0,"1":0},"b":{"0":[0,1],"1":[0,1],"2":[0,0],"3":[0,0]},"_coverageSchema":"43e27e138ebf9cfc5966b082cf9a028302ed4184","hash":"96ea5fa074224c3b1c04902b13dae24188a8c04a"}
,"/home/taranpreet/Sfu/CMPT276/game/back-end/routes/auth.js": {"path":"/home/taranpreet/Sfu/CMPT276/game/back-end/routes/auth.js","statementMap":{"0":{"start":{"line":1,"column":16},"end":{"line":1,"column":34}},"1":{"start":{"line":2,"column":17},"end":{"line":2,"column":36}},"2":{"start":{"line":3,"column":15},"end":{"line":3,"column":34}},"3":{"start":{"line":4,"column":15},"end":{"line":4,"column":32}},"4":{"start":{"line":5,"column":10},"end":{"line":5,"column":27}},"5":{"start":{"line":6,"column":16},"end":{"line":6,"column":42}},"6":{"start":{"line":8,"column":50},"end":{"line":8,"column":75}},"7":{"start":{"line":10,"column":15},"end":{"line":10,"column":31}},"8":{"start":{"line":11,"column":12},"end":{"line":11,"column":20}},"9":{"start":{"line":14,"column":0},"end":{"line":29,"column":3}},"10":{"start":{"line":15,"column":20},"end":{"line":15,"column":47}},"11":{"start":{"line":16,"column":2},"end":{"line":16,"column":67}},"12":{"start":{"line":16,"column":13},"end":{"line":16,"column":67}},"13":{"start":{"line":18,"column":13},"end":{"line":18,"column":66}},"14":{"start":{"line":19,"column":2},"end":{"line":19,"column":70}},"15":{"start":{"line":19,"column":13},"end":{"line":19,"column":70}},"16":{"start":{"line":21,"column":24},"end":{"line":21,"column":84}},"17":{"start":{"line":22,"column":2},"end":{"line":22,"column":70}},"18":{"start":{"line":22,"column":22},"end":{"line":22,"column":70}},"19":{"start":{"line":24,"column":2},"end":{"line":24,"column":30}},"20":{"start":{"line":25,"column":2},"end":{"line":25,"column":51}},"21":{"start":{"line":26,"column":2},"end":{"line":26,"column":37}},"22":{"start":{"line":27,"column":2},"end":{"line":27,"column":58}},"23":{"start":{"line":28,"column":2},"end":{"line":28,"column":45}},"24":{"start":{"line":32,"column":0},"end":{"line":67,"column":3}},"25":{"start":{"line":33,"column":20},"end":{"line":33,"column":42}},"26":{"start":{"line":34,"column":2},"end":{"line":34,"column":67}},"27":{"start":{"line":34,"column":13},"end":{"line":34,"column":67}},"28":{"start":{"line":36,"column":13},"end":{"line":36,"column":66}},"29":{"start":{"line":37,"column":2},"end":{"line":37,"column":56}},"30":{"start":{"line":37,"column":12},"end":{"line":37,"column":56}},"31":{"start":{"line":39,"column":2},"end":{"line":39,"column":64}},"32":{"start":{"line":40,"column":2},"end":{"line":40,"column":56}},"33":{"start":{"line":40,"column":12},"end":{"line":40,"column":56}},"34":{"start":{"line":43,"column":2},"end":{"line":50,"column":5}},"35":{"start":{"line":52,"column":15},"end":{"line":52,"column":39}},"36":{"start":{"line":53,"column":2},"end":{"line":53,"column":69}},"37":{"start":{"line":55,"column":17},"end":{"line":59,"column":4}},"38":{"start":{"line":57,"column":6},"end":{"line":57,"column":54}},"39":{"start":{"line":58,"column":6},"end":{"line":58,"column":25}},"40":{"start":{"line":61,"column":2},"end":{"line":61,"column":30}},"41":{"start":{"line":62,"column":2},"end":{"line":62,"column":51}},"42":{"start":{"line":63,"column":2},"end":{"line":63,"column":35}},"43":{"start":{"line":64,"column":2},"end":{"line":64,"column":37}},"44":{"start":{"line":65,"column":2},"end":{"line":65,"column":58}},"45":{"start":{"line":66,"column":2},"end":{"line":66,"column":45}},"46":{"start":{"line":70,"column":0},"end":{"line":72,"column":4}},"47":{"start":{"line":75,"column":0},"end":{"line":85,"column":3}},"48":{"start":{"line":76,"column":26},"end":{"line":76,"column":41}},"49":{"start":{"line":79,"column":2},"end":{"line":79,"column":30}},"50":{"start":{"line":80,"column":2},"end":{"line":80,"column":51}},"51":{"start":{"line":81,"column":2},"end":{"line":81,"column":26}},"52":{"start":{"line":82,"column":2},"end":{"line":82,"column":28}},"53":{"start":{"line":83,"column":2},"end":{"line":83,"column":58}},"54":{"start":{"line":84,"column":2},"end":{"line":84,"column":45}},"55":{"start":{"line":87,"column":0},"end":{"line":87,"column":24}}},"fnMap":{"0":{"name":"(anonymous_0)","decl":{"start":{"line":14,"column":22},"end":{"line":14,"column":23}},"loc":{"start":{"line":14,"column":42},"end":{"line":29,"column":1}},"line":14},"1":{"name":"(anonymous_1)","decl":{"start":{"line":32,"column":25},"end":{"line":32,"column":26}},"loc":{"start":{"line":32,"column":45},"end":{"line":67,"column":1}},"line":32},"2":{"name":"(anonymous_2)","decl":{"start":{"line":56,"column":11},"end":{"line":56,"column":12}},"loc":{"start":{"line":56,"column":20},"end":{"line":59,"column":3}},"line":56},"3":{"name":"(anonymous_3)","decl":{"start":{"line":75,"column":84},"end":{"line":75,"column":85}},"loc":{"start":{"line":75,"column":98},"end":{"line":85,"column":1}},"line":75}},"branchMap":{"0":{"loc":{"start":{"line":16,"column":2},"end":{"line":16,"column":67}},"type":"if","locations":[{"start":{"line":16,"column":2},"end":{"line":16,"column":67}},{"start":{"line":16,"column":2},"end":{"line":16,"column":67}}],"line":16},"1":{"loc":{"start":{"line":19,"column":2},"end":{"line":19,"column":70}},"type":"if","locations":[{"start":{"line":19,"column":2},"end":{"line":19,"column":70}},{"start":{"line":19,"column":2},"end":{"line":19,"column":70}}],"line":19},"2":{"loc":{"start":{"line":22,"column":2},"end":{"line":22,"column":70}},"type":"if","locations":[{"start":{"line":22,"column":2},"end":{"line":22,"column":70}},{"start":{"line":22,"column":2},"end":{"line":22,"column":70}}],"line":22},"3":{"loc":{"start":{"line":34,"column":2},"end":{"line":34,"column":67}},"type":"if","locations":[{"start":{"line":34,"column":2},"end":{"line":34,"column":67}},{"start":{"line":34,"column":2},"end":{"line":34,"column":67}}],"line":34},"4":{"loc":{"start":{"line":37,"column":2},"end":{"line":37,"column":56}},"type":"if","locations":[{"start":{"line":37,"column":2},"end":{"line":37,"column":56}},{"start":{"line":37,"column":2},"end":{"line":37,"column":56}}],"line":37},"5":{"loc":{"start":{"line":40,"column":2},"end":{"line":40,"column":56}},"type":"if","locations":[{"start":{"line":40,"column":2},"end":{"line":40,"column":56}},{"start":{"line":40,"column":2},"end":{"line":40,"column":56}}],"line":40}},"s":{"0":1,"1":1,"2":1,"3":1,"4":1,"5":1,"6":1,"7":1,"8":1,"9":1,"10":3,"11":3,"12":2,"13":1,"14":1,"15":1,"16":0,"17":0,"18":0,"19":0,"20":0,"21":0,"22":0,"23":0,"24":1,"25":9,"26":9,"27":6,"28":3,"29":3,"30":1,"31":2,"32":2,"33":0,"34":2,"35":2,"36":2,"37":2,"38":0,"39":0,"40":2,"41":2,"42":2,"43":2,"44":2,"45":2,"46":1,"47":1,"48":0,"49":0,"50":0,"51":0,"52":0,"53":0,"54":0,"55":1},"f":{"0":3,"1":9,"2":0,"3":0},"b":{"0":[2,1],"1":[1,0],"2":[0,0],"3":[6,3],"4":[1,2],"5":[0,2]},"_coverageSchema":"43e27e138ebf9cfc5966b082cf9a028302ed4184","hash":"3cf7ad597f60fc12aa394dfbca3d1f1cb0e12a9c"}
}
