TN:
SF:/home/taranpreet/Sfu/CMPT276/game/index.js
FN:34,(anonymous_0)
FN:37,(anonymous_1)
FN:41,(anonymous_2)
FN:44,(anonymous_3)
FN:49,(anonymous_4)
FN:59,(anonymous_5)
FN:63,(anonymous_6)
FN:64,(anonymous_7)
FN:65,(anonymous_8)
FN:70,(anonymous_9)
FNF:10
FNH:2
FNDA:1,(anonymous_0)
FNDA:0,(anonymous_1)
FNDA:1,(anonymous_2)
FNDA:0,(anonymous_3)
FNDA:0,(anonymous_4)
FNDA:0,(anonymous_5)
FNDA:0,(anonymous_6)
FNDA:0,(anonymous_7)
FNDA:0,(anonymous_8)
FNDA:0,(anonymous_9)
DA:1,1
DA:2,1
DA:3,1
DA:4,1
DA:5,1
DA:6,1
DA:7,1
DA:8,1
DA:10,1
DA:11,1
DA:13,1
DA:14,0
DA:15,0
DA:18,1
DA:19,1
DA:20,1
DA:21,1
DA:32,1
DA:33,1
DA:35,1
DA:38,0
DA:41,1
DA:44,1
DA:45,0
DA:46,0
DA:49,1
DA:51,0
DA:52,0
DA:57,1
DA:58,1
DA:59,1
DA:60,0
DA:61,0
DA:63,1
DA:64,1
DA:65,1
DA:66,0
DA:67,0
DA:68,0
DA:70,1
DA:72,1
DA:74,1
LF:42
LH:30
BRDA:10,0,0,1
BRDA:10,0,1,1
BRDA:13,1,0,0
BRDA:13,1,1,1
BRDA:45,2,0,0
BRDA:45,2,1,0
BRDA:45,3,0,0
BRDA:45,3,1,0
BRDA:45,3,2,0
BRDA:51,4,0,0
BRDA:51,4,1,0
BRDA:60,5,0,0
BRDA:60,5,1,0
BRF:13
BRH:3
end_of_record
TN:
SF:/home/taranpreet/Sfu/CMPT276/game/back-end/models/user.js
FN:37,(anonymous_0)
FN:44,validateUser
FN:53,validateUserLogin
FNF:3
FNH:3
FNDA:1,(anonymous_0)
FNDA:15,validateUser
FNDA:8,validateUserLogin
DA:1,2
DA:2,2
DA:3,2
DA:4,2
DA:6,2
DA:37,2
DA:38,1
DA:39,1
DA:42,2
DA:45,15
DA:50,15
DA:54,8
DA:58,8
DA:62,2
DA:63,2
DA:64,2
DA:65,2
LF:17
LH:17
BRDA:38,0,0,1
BRDA:38,0,1,1
BRF:2
BRH:2
end_of_record
TN:
SF:/home/taranpreet/Sfu/CMPT276/game/back-end/oauthStrategy/passport-google-strategy.js
FN:22,(anonymous_0)
FN:40,(anonymous_1)
FNF:2
FNH:0
FNDA:0,(anonymous_0)
FNDA:0,(anonymous_1)
DA:1,1
DA:2,1
DA:3,1
DA:4,1
DA:6,1
DA:7,0
DA:8,0
DA:11,1
DA:12,0
DA:13,0
DA:17,1
DA:23,0
DA:24,0
DA:26,0
DA:27,0
DA:30,0
DA:39,0
DA:41,0
DA:43,0
LF:19
LH:7
BRDA:6,0,0,0
BRDA:6,0,1,1
BRDA:11,1,0,0
BRDA:11,1,1,1
BRDA:26,2,0,0
BRDA:26,2,1,0
BRDA:26,3,0,0
BRDA:26,3,1,0
BRF:8
BRH:2
end_of_record
TN:
SF:/home/taranpreet/Sfu/CMPT276/game/back-end/routes/auth.js
FN:14,(anonymous_0)
FN:32,(anonymous_1)
FN:56,(anonymous_2)
FN:75,(anonymous_3)
FNF:4
FNH:2
FNDA:3,(anonymous_0)
FNDA:9,(anonymous_1)
FNDA:0,(anonymous_2)
FNDA:0,(anonymous_3)
DA:1,1
DA:2,1
DA:3,1
DA:4,1
DA:5,1
DA:6,1
DA:8,1
DA:10,1
DA:11,1
DA:14,1
DA:15,3
DA:16,3
DA:18,1
DA:19,1
DA:21,0
DA:22,0
DA:24,0
DA:25,0
DA:26,0
DA:27,0
DA:28,0
DA:32,1
DA:33,9
DA:34,9
DA:36,3
DA:37,3
DA:39,2
DA:40,2
DA:43,2
DA:52,2
DA:53,2
DA:55,2
DA:57,0
DA:58,0
DA:61,2
DA:62,2
DA:63,2
DA:64,2
DA:65,2
DA:66,2
DA:70,1
DA:75,1
DA:76,0
DA:79,0
DA:80,0
DA:81,0
DA:82,0
DA:83,0
DA:84,0
DA:87,1
LF:50
LH:34
BRDA:16,0,0,2
BRDA:16,0,1,1
BRDA:19,1,0,1
BRDA:19,1,1,0
BRDA:22,2,0,0
BRDA:22,2,1,0
BRDA:34,3,0,6
BRDA:34,3,1,3
BRDA:37,4,0,1
BRDA:37,4,1,2
BRDA:40,5,0,0
BRDA:40,5,1,2
BRF:12
BRH:8
end_of_record
